<?xml version="1.0" encoding="UTF-8"?>
<!-- Generated by org.testng.reporters.JUnitReportReporter -->
<testsuite hostname="Iulias-MacBook-Pro.local" failures="0" tests="1" name="com.noorteck.qa.tests.HomePageTest" time="32.495" errors="0" timestamp="28 Dec 2019 19:21:57 GMT" skipped="0">
  <testcase classname="com.noorteck.qa.tests.HomePageTest" name="test1" time="32.495"/>
</testsuite> <!-- com.noorteck.qa.tests.HomePageTest -->
