<?xml version="1.0" encoding="UTF-8"?>
<!-- Generated by org.testng.reporters.JUnitReportReporter -->
<testsuite hostname="Iulias-MacBook-Pro.local" failures="0" tests="3" name="com.noorteck.qa.tests.TaskTestTest" time="51.426" errors="0" timestamp="28 Dec 2019 20:00:10 GMT" skipped="0">
  <testcase classname="com.noorteck.qa.tests.TaskTestTest" name="test1" time="8.620"/>
  <testcase classname="com.noorteck.qa.tests.TaskTestTest" name="test3" time="11.505"/>
  <testcase classname="com.noorteck.qa.tests.TaskTestTest" name="test2" time="31.301"/>
</testsuite> <!-- com.noorteck.qa.tests.TaskTestTest -->
