<?xml version="1.0" encoding="UTF-8"?>
<!-- Generated by org.testng.reporters.JUnitReportReporter -->
<testsuite hostname="Iulias-MacBook-Pro.local" failures="0" tests="2" name="com.noorteck.qa.tests.FormsTempTest" time="19.230" errors="0" timestamp="27 Dec 2019 03:07:48 GMT" skipped="0">
  <testcase classname="com.noorteck.qa.tests.FormsTempTest" name="TestForm" time="8.176"/>
  <testcase classname="com.noorteck.qa.tests.FormsTempTest" name="TestDelete" time="11.054"/>
</testsuite> <!-- com.noorteck.qa.tests.FormsTempTest -->
