<?xml version="1.0" encoding="UTF-8"?>
<!-- Generated by org.testng.reporters.JUnitReportReporter -->
<testsuite hostname="Iulias-MBP.fios-router.home" failures="0" tests="2" name="com.noorteck.qa.tests.LoginTest" time="15.411" errors="0" timestamp="24 Dec 2019 15:54:26 GMT" skipped="0">
  <testcase classname="com.noorteck.qa.tests.LoginTest" name="test1" time="6.563"/>
  <testcase classname="com.noorteck.qa.tests.LoginTest" name="test2" time="8.848"/>
</testsuite> <!-- com.noorteck.qa.tests.LoginTest -->
