<?xml version="1.0" encoding="UTF-8"?>
<!-- Generated by org.testng.reporters.JUnitReportReporter -->
<testsuite hostname="Iulias-MacBook-Pro.local" failures="0" tests="2" name="com.noorteck.qa.tests.HomeTest" time="15.413" errors="1" timestamp="28 Dec 2019 19:13:18 GMT" skipped="0">
  <testcase classname="com.noorteck.qa.tests.HomeTest" name="titlte" time="6.174">
    <error type="java.lang.StackOverflowError">
      <![CDATA[java.lang.StackOverflowError
at com.noorteck.qa.utilities.CommonUI.getTitle(CommonUI.java:128)
at com.noorteck.qa.utilities.CommonUI.getTitle(CommonUI.java:128)
at com.noorteck.qa.utilities.CommonUI.getTitle(CommonUI.java:128)
at com.noorteck.qa.utilities.CommonUI.getTitle(CommonUI.java:128)
at com.noorteck.qa.utilities.CommonUI.getTitle(CommonUI.java:128)
at com.noorteck.qa.utilities.CommonUI.getTitle(CommonUI.java:128)
at com.noorteck.qa.utilities.CommonUI.getTitle(CommonUI.java:128)
at com.noorteck.qa.utilities.CommonUI.getTitle(CommonUI.java:128)
at com.noorteck.qa.utilities.CommonUI.getTitle(CommonUI.java:128)
at com.noorteck.qa.utilities.CommonUI.getTitle(CommonUI.java:128)
at com.noorteck.qa.utilities.CommonUI.getTitle(CommonUI.java:128)
at com.noorteck.qa.utilities.CommonUI.getTitle(CommonUI.java:128)
at com.noorteck.qa.utilities.CommonUI.getTitle(CommonUI.java:128)
at com.noorteck.qa.utilities.CommonUI.getTitle(CommonUI.java:128)
at com.noorteck.qa.utilities.CommonUI.getTitle(CommonUI.java:128)
at com.noorteck.qa.utilities.CommonUI.getTitle(CommonUI.java:128)
at com.noorteck.qa.utilities.CommonUI.getTitle(CommonUI.java:128)
at com.noorteck.qa.utilities.CommonUI.getTitle(CommonUI.java:128)
at com.noorteck.qa.utilities.CommonUI.getTitle(CommonUI.java:128)
at com.noorteck.qa.utilities.CommonUI.getTitle(CommonUI.java:128)
at com.noorteck.qa.utilities.CommonUI.getTitle(CommonUI.java:128)
at com.noorteck.qa.utilities.CommonUI.getTitle(CommonUI.java:128)
at com.noorteck.qa.utilities.CommonUI.getTitle(CommonUI.java:128)
at com.noorteck.qa.utilities.CommonUI.getTitle(CommonUI.java:128)
at com.noorteck.qa.utilities.CommonUI.getTitle(CommonUI.java:128)
at com.noorteck.qa.utilities.CommonUI.getTitle(CommonUI.java:128)
at com.noorteck.qa.utilities.CommonUI.getTitle(CommonUI.java:128)
at com.noorteck.qa.utilities.CommonUI.getTitle(CommonUI.java:128)
at com.noorteck.qa.utilities.CommonUI.getTitle(CommonUI.java:128)
at com.noorteck.qa.utilities.CommonUI.getTitle(CommonUI.java:128)
at com.noorteck.qa.utilities.CommonUI.getTitle(CommonUI.java:128)
at com.noorteck.qa.utilities.CommonUI.getTitle(CommonUI.java:128)
at com.noorteck.qa.utilities.CommonUI.getTitle(CommonUI.java:128)
at com.noorteck.qa.utilities.CommonUI.getTitle(CommonUI.java:128)
at com.noorteck.qa.utilities.CommonUI.getTitle(CommonUI.java:128)
at com.noorteck.qa.utilities.CommonUI.getTitle(CommonUI.java:128)
at com.noorteck.qa.utilities.CommonUI.getTitle(CommonUI.java:128)
at com.noorteck.qa.utilities.CommonUI.getTitle(CommonUI.java:128)
at com.noorteck.qa.utilities.CommonUI.getTitle(CommonUI.java:128)
at com.noorteck.qa.utilities.CommonUI.getTitle(CommonUI.java:128)
at com.noorteck.qa.utilities.CommonUI.getTitle(CommonUI.java:128)
at com.noorteck.qa.utilities.CommonUI.getTitle(CommonUI.java:128)
at com.noorteck.qa.utilities.CommonUI.getTitle(CommonUI.java:128)
at com.noorteck.qa.utilities.CommonUI.getTitle(CommonUI.java:128)
at com.noorteck.qa.utilities.CommonUI.getTitle(CommonUI.java:128)
at com.noorteck.qa.utilities.CommonUI.getTitle(CommonUI.java:128)
at com.noorteck.qa.utilities.CommonUI.getTitle(CommonUI.java:128)
at com.noorteck.qa.utilities.CommonUI.getTitle(CommonUI.java:128)
at com.noorteck.qa.utilities.CommonUI.getTitle(CommonUI.java:128)
at com.noorteck.qa.utilities.CommonUI.getTitle(CommonUI.java:128)
at com.noorteck.qa.utilities.CommonUI.getTitle(CommonUI.java:128)
at com.noorteck.qa.utilities.CommonUI.getTitle(CommonUI.java:128)
at com.noorteck.qa.utilities.CommonUI.getTitle(CommonUI.java:128)
at com.noorteck.qa.utilities.CommonUI.getTitle(CommonUI.java:128)
at com.noorteck.qa.utilities.CommonUI.getTitle(CommonUI.java:128)
at com.noorteck.qa.utilities.CommonUI.getTitle(CommonUI.java:128)
at com.noorteck.qa.utilities.CommonUI.getTitle(CommonUI.java:128)
at com.noorteck.qa.utilities.CommonUI.getTitle(CommonUI.java:128)
at com.noorteck.qa.utilities.CommonUI.getTitle(CommonUI.java:128)
at com.noorteck.qa.utilities.CommonUI.getTitle(CommonUI.java:128)
at com.noorteck.qa.utilities.CommonUI.getTitle(CommonUI.java:128)
at com.noorteck.qa.utilities.CommonUI.getTitle(CommonUI.java:128)
at com.noorteck.qa.utilities.CommonUI.getTitle(CommonUI.java:128)
at com.noorteck.qa.utilities.CommonUI.getTitle(CommonUI.java:128)
at com.noorteck.qa.utilities.CommonUI.getTitle(CommonUI.java:128)
at com.noorteck.qa.utilities.CommonUI.getTitle(CommonUI.java:128)
at com.noorteck.qa.utilities.CommonUI.getTitle(CommonUI.java:128)
at com.noorteck.qa.utilities.CommonUI.getTitle(CommonUI.java:128)
at com.noorteck.qa.utilities.CommonUI.getTitle(CommonUI.java:128)
at com.noorteck.qa.utilities.CommonUI.getTitle(CommonUI.java:128)
at com.noorteck.qa.utilities.CommonUI.getTitle(CommonUI.java:128)
at com.noorteck.qa.utilities.CommonUI.getTitle(CommonUI.java:128)
at com.noorteck.qa.utilities.CommonUI.getTitle(CommonUI.java:128)
at com.noorteck.qa.utilities.CommonUI.getTitle(CommonUI.java:128)
at com.noorteck.qa.utilities.CommonUI.getTitle(CommonUI.java:128)
at com.noorteck.qa.utilities.CommonUI.getTitle(CommonUI.java:128)
at com.noorteck.qa.utilities.CommonUI.getTitle(CommonUI.java:128)
at com.noorteck.qa.utilities.CommonUI.getTitle(CommonUI.java:128)
at com.noorteck.qa.utilities.CommonUI.getTitle(CommonUI.java:128)
at com.noorteck.qa.utilities.CommonUI.getTitle(CommonUI.java:128)
at com.noorteck.qa.utilities.CommonUI.getTitle(CommonUI.java:128)
at com.noorteck.qa.utilities.CommonUI.getTitle(CommonUI.java:128)
at com.noorteck.qa.utilities.CommonUI.getTitle(CommonUI.java:128)
at com.noorteck.qa.utilities.CommonUI.getTitle(CommonUI.java:128)
at com.noorteck.qa.utilities.CommonUI.getTitle(CommonUI.java:128)
at com.noorteck.qa.utilities.CommonUI.getTitle(CommonUI.java:128)
at com.noorteck.qa.utilities.CommonUI.getTitle(CommonUI.java:128)
at com.noorteck.qa.utilities.CommonUI.getTitle(CommonUI.java:128)
at com.noorteck.qa.utilities.CommonUI.getTitle(CommonUI.java:128)
at com.noorteck.qa.utilities.CommonUI.getTitle(CommonUI.java:128)
at com.noorteck.qa.utilities.CommonUI.getTitle(CommonUI.java:128)
at com.noorteck.qa.utilities.CommonUI.getTitle(CommonUI.java:128)
at com.noorteck.qa.utilities.CommonUI.getTitle(CommonUI.java:128)
at com.noorteck.qa.utilities.CommonUI.getTitle(CommonUI.java:128)
at com.noorteck.qa.utilities.CommonUI.getTitle(CommonUI.java:128)
at com.noorteck.qa.utilities.CommonUI.getTitle(CommonUI.java:128)
at com.noorteck.qa.utilities.CommonUI.getTitle(CommonUI.java:128)
at com.noorteck.qa.utilities.CommonUI.getTitle(CommonUI.java:128)
at com.noorteck.qa.utilities.CommonUI.getTitle(CommonUI.java:128)
at com.noorteck.qa.utilities.CommonUI.getTitle(CommonUI.java:128)
at com.noorteck.qa.utilities.CommonUI.getTitle(CommonUI.java:128)
at com.noorteck.qa.utilities.CommonUI.getTitle(CommonUI.java:128)
at com.noorteck.qa.utilities.CommonUI.getTitle(CommonUI.java:128)
at com.noorteck.qa.utilities.CommonUI.getTitle(CommonUI.java:128)
at com.noorteck.qa.utilities.CommonUI.getTitle(CommonUI.java:128)
at com.noorteck.qa.utilities.CommonUI.getTitle(CommonUI.java:128)
at com.noorteck.qa.utilities.CommonUI.getTitle(CommonUI.java:128)
at com.noorteck.qa.utilities.CommonUI.getTitle(CommonUI.java:128)
at com.noorteck.qa.utilities.CommonUI.getTitle(CommonUI.java:128)
at com.noorteck.qa.utilities.CommonUI.getTitle(CommonUI.java:128)
at com.noorteck.qa.utilities.CommonUI.getTitle(CommonUI.java:128)
at com.noorteck.qa.utilities.CommonUI.getTitle(CommonUI.java:128)
at com.noorteck.qa.utilities.CommonUI.getTitle(CommonUI.java:128)
at com.noorteck.qa.utilities.CommonUI.getTitle(CommonUI.java:128)
at com.noorteck.qa.utilities.CommonUI.getTitle(CommonUI.java:128)
at com.noorteck.qa.utilities.CommonUI.getTitle(CommonUI.java:128)
at com.noorteck.qa.utilities.CommonUI.getTitle(CommonUI.java:128)
at com.noorteck.qa.utilities.CommonUI.getTitle(CommonUI.java:128)
at com.noorteck.qa.utilities.CommonUI.getTitle(CommonUI.java:128)
at com.noorteck.qa.utilities.CommonUI.getTitle(CommonUI.java:128)
at com.noorteck.qa.utilities.CommonUI.getTitle(CommonUI.java:128)
at com.noorteck.qa.utilities.CommonUI.getTitle(CommonUI.java:128)
at com.noorteck.qa.utilities.CommonUI.getTitle(CommonUI.java:128)
at com.noorteck.qa.utilities.CommonUI.getTitle(CommonUI.java:128)
at com.noorteck.qa.utilities.CommonUI.getTitle(CommonUI.java:128)
at com.noorteck.qa.utilities.CommonUI.getTitle(CommonUI.java:128)
at com.noorteck.qa.utilities.CommonUI.getTitle(CommonUI.java:128)
at com.noorteck.qa.utilities.CommonUI.getTitle(CommonUI.java:128)
at com.noorteck.qa.utilities.CommonUI.getTitle(CommonUI.java:128)
at com.noorteck.qa.utilities.CommonUI.getTitle(CommonUI.java:128)
at com.noorteck.qa.utilities.CommonUI.getTitle(CommonUI.java:128)
at com.noorteck.qa.utilities.CommonUI.getTitle(CommonUI.java:128)
at com.noorteck.qa.utilities.CommonUI.getTitle(CommonUI.java:128)
at com.noorteck.qa.utilities.CommonUI.getTitle(CommonUI.java:128)
at com.noorteck.qa.utilities.CommonUI.getTitle(CommonUI.java:128)
at com.noorteck.qa.utilities.CommonUI.getTitle(CommonUI.java:128)
at com.noorteck.qa.utilities.CommonUI.getTitle(CommonUI.java:128)
at com.noorteck.qa.utilities.CommonUI.getTitle(CommonUI.java:128)
at com.noorteck.qa.utilities.CommonUI.getTitle(CommonUI.java:128)
at com.noorteck.qa.utilities.CommonUI.getTitle(CommonUI.java:128)
at com.noorteck.qa.utilities.CommonUI.getTitle(CommonUI.java:128)
at com.noorteck.qa.utilities.CommonUI.getTitle(CommonUI.java:128)
at com.noorteck.qa.utilities.CommonUI.getTitle(CommonUI.java:128)
at com.noorteck.qa.utilities.CommonUI.getTitle(CommonUI.java:128)
at com.noorteck.qa.utilities.CommonUI.getTitle(CommonUI.java:128)
at com.noorteck.qa.utilities.CommonUI.getTitle(CommonUI.java:128)
at com.noorteck.qa.utilities.CommonUI.getTitle(CommonUI.java:128)
at com.noorteck.qa.utilities.CommonUI.getTitle(CommonUI.java:128)
at com.noorteck.qa.utilities.CommonUI.getTitle(CommonUI.java:128)
at com.noorteck.qa.utilities.CommonUI.getTitle(CommonUI.java:128)
at com.noorteck.qa.utilities.CommonUI.getTitle(CommonUI.java:128)
at com.noorteck.qa.utilities.CommonUI.getTitle(CommonUI.java:128)
at com.noorteck.qa.utilities.CommonUI.getTitle(CommonUI.java:128)
at com.noorteck.qa.utilities.CommonUI.getTitle(CommonUI.java:128)
at com.noorteck.qa.utilities.CommonUI.getTitle(CommonUI.java:128)
at com.noorteck.qa.utilities.CommonUI.getTitle(CommonUI.java:128)
at com.noorteck.qa.utilities.CommonUI.getTitle(CommonUI.java:128)
at com.noorteck.qa.utilities.CommonUI.getTitle(CommonUI.java:128)
at com.noorteck.qa.utilities.CommonUI.getTitle(CommonUI.java:128)
at com.noorteck.qa.utilities.CommonUI.getTitle(CommonUI.java:128)
at com.noorteck.qa.utilities.CommonUI.getTitle(CommonUI.java:128)
at com.noorteck.qa.utilities.CommonUI.getTitle(CommonUI.java:128)
at com.noorteck.qa.utilities.CommonUI.getTitle(CommonUI.java:128)
at com.noorteck.qa.utilities.CommonUI.getTitle(CommonUI.java:128)
at com.noorteck.qa.utilities.CommonUI.getTitle(CommonUI.java:128)
at com.noorteck.qa.utilities.CommonUI.getTitle(CommonUI.java:128)
at com.noorteck.qa.utilities.CommonUI.getTitle(CommonUI.java:128)
at com.noorteck.qa.utilities.CommonUI.getTitle(CommonUI.java:128)
at com.noorteck.qa.utilities.CommonUI.getTitle(CommonUI.java:128)
at com.noorteck.qa.utilities.CommonUI.getTitle(CommonUI.java:128)
at com.noorteck.qa.utilities.CommonUI.getTitle(CommonUI.java:128)
at com.noorteck.qa.utilities.CommonUI.getTitle(CommonUI.java:128)
at com.noorteck.qa.utilities.CommonUI.getTitle(CommonUI.java:128)
at com.noorteck.qa.utilities.CommonUI.getTitle(CommonUI.java:128)
at com.noorteck.qa.utilities.CommonUI.getTitle(CommonUI.java:128)
at com.noorteck.qa.utilities.CommonUI.getTitle(CommonUI.java:128)
at com.noorteck.qa.utilities.CommonUI.getTitle(CommonUI.java:128)
at com.noorteck.qa.utilities.CommonUI.getTitle(CommonUI.java:128)
at com.noorteck.qa.utilities.CommonUI.getTitle(CommonUI.java:128)
at com.noorteck.qa.utilities.CommonUI.getTitle(CommonUI.java:128)
at com.noorteck.qa.utilities.CommonUI.getTitle(CommonUI.java:128)
at com.noorteck.qa.utilities.CommonUI.getTitle(CommonUI.java:128)
at com.noorteck.qa.utilities.CommonUI.getTitle(CommonUI.java:128)
at com.noorteck.qa.utilities.CommonUI.getTitle(CommonUI.java:128)
at com.noorteck.qa.utilities.CommonUI.getTitle(CommonUI.java:128)
at com.noorteck.qa.utilities.CommonUI.getTitle(CommonUI.java:128)
at com.noorteck.qa.utilities.CommonUI.getTitle(CommonUI.java:128)
at com.noorteck.qa.utilities.CommonUI.getTitle(CommonUI.java:128)
at com.noorteck.qa.utilities.CommonUI.getTitle(CommonUI.java:128)
at com.noorteck.qa.utilities.CommonUI.getTitle(CommonUI.java:128)
at com.noorteck.qa.utilities.CommonUI.getTitle(CommonUI.java:128)
at com.noorteck.qa.utilities.CommonUI.getTitle(CommonUI.java:128)
at com.noorteck.qa.utilities.CommonUI.getTitle(CommonUI.java:128)
at com.noorteck.qa.utilities.CommonUI.getTitle(CommonUI.java:128)
at com.noorteck.qa.utilities.CommonUI.getTitle(CommonUI.java:128)
at com.noorteck.qa.utilities.CommonUI.getTitle(CommonUI.java:128)
at com.noorteck.qa.utilities.CommonUI.getTitle(CommonUI.java:128)
at com.noorteck.qa.utilities.CommonUI.getTitle(CommonUI.java:128)
at com.noorteck.qa.utilities.CommonUI.getTitle(CommonUI.java:128)
at com.noorteck.qa.utilities.CommonUI.getTitle(CommonUI.java:128)
at com.noorteck.qa.utilities.CommonUI.getTitle(CommonUI.java:128)
at com.noorteck.qa.utilities.CommonUI.getTitle(CommonUI.java:128)
at com.noorteck.qa.utilities.CommonUI.getTitle(CommonUI.java:128)
at com.noorteck.qa.utilities.CommonUI.getTitle(CommonUI.java:128)
at com.noorteck.qa.utilities.CommonUI.getTitle(CommonUI.java:128)
at com.noorteck.qa.utilities.CommonUI.getTitle(CommonUI.java:128)
at com.noorteck.qa.utilities.CommonUI.getTitle(CommonUI.java:128)
at com.noorteck.qa.utilities.CommonUI.getTitle(CommonUI.java:128)
at com.noorteck.qa.utilities.CommonUI.getTitle(CommonUI.java:128)
at com.noorteck.qa.utilities.CommonUI.getTitle(CommonUI.java:128)
at com.noorteck.qa.utilities.CommonUI.getTitle(CommonUI.java:128)
at com.noorteck.qa.utilities.CommonUI.getTitle(CommonUI.java:128)
at com.noorteck.qa.utilities.CommonUI.getTitle(CommonUI.java:128)
at com.noorteck.qa.utilities.CommonUI.getTitle(CommonUI.java:128)
at com.noorteck.qa.utilities.CommonUI.getTitle(CommonUI.java:128)
at com.noorteck.qa.utilities.CommonUI.getTitle(CommonUI.java:128)
at com.noorteck.qa.utilities.CommonUI.getTitle(CommonUI.java:128)
at com.noorteck.qa.utilities.CommonUI.getTitle(CommonUI.java:128)
at com.noorteck.qa.utilities.CommonUI.getTitle(CommonUI.java:128)
at com.noorteck.qa.utilities.CommonUI.getTitle(CommonUI.java:128)
at com.noorteck.qa.utilities.CommonUI.getTitle(CommonUI.java:128)
at com.noorteck.qa.utilities.CommonUI.getTitle(CommonUI.java:128)
at com.noorteck.qa.utilities.CommonUI.getTitle(CommonUI.java:128)
at com.noorteck.qa.utilities.CommonUI.getTitle(CommonUI.java:128)
at com.noorteck.qa.utilities.CommonUI.getTitle(CommonUI.java:128)
at com.noorteck.qa.utilities.CommonUI.getTitle(CommonUI.java:128)
at com.noorteck.qa.utilities.CommonUI.getTitle(CommonUI.java:128)
at com.noorteck.qa.utilities.CommonUI.getTitle(CommonUI.java:128)
at com.noorteck.qa.utilities.CommonUI.getTitle(CommonUI.java:128)
at com.noorteck.qa.utilities.CommonUI.getTitle(CommonUI.java:128)
at com.noorteck.qa.utilities.CommonUI.getTitle(CommonUI.java:128)
at com.noorteck.qa.utilities.CommonUI.getTitle(CommonUI.java:128)
at com.noorteck.qa.utilities.CommonUI.getTitle(CommonUI.java:128)
at com.noorteck.qa.utilities.CommonUI.getTitle(CommonUI.java:128)
at com.noorteck.qa.utilities.CommonUI.getTitle(CommonUI.java:128)
at com.noorteck.qa.utilities.CommonUI.getTitle(CommonUI.java:128)
at com.noorteck.qa.utilities.CommonUI.getTitle(CommonUI.java:128)
at com.noorteck.qa.utilities.CommonUI.getTitle(CommonUI.java:128)
at com.noorteck.qa.utilities.CommonUI.getTitle(CommonUI.java:128)
at com.noorteck.qa.utilities.CommonUI.getTitle(CommonUI.java:128)
at com.noorteck.qa.utilities.CommonUI.getTitle(CommonUI.java:128)
at com.noorteck.qa.utilities.CommonUI.getTitle(CommonUI.java:128)
at com.noorteck.qa.utilities.CommonUI.getTitle(CommonUI.java:128)
at com.noorteck.qa.utilities.CommonUI.getTitle(CommonUI.java:128)
at com.noorteck.qa.utilities.CommonUI.getTitle(CommonUI.java:128)
at com.noorteck.qa.utilities.CommonUI.getTitle(CommonUI.java:128)
at com.noorteck.qa.utilities.CommonUI.getTitle(CommonUI.java:128)
at com.noorteck.qa.utilities.CommonUI.getTitle(CommonUI.java:128)
at com.noorteck.qa.utilities.CommonUI.getTitle(CommonUI.java:128)
at com.noorteck.qa.utilities.CommonUI.getTitle(CommonUI.java:128)
at com.noorteck.qa.utilities.CommonUI.getTitle(CommonUI.java:128)
at com.noorteck.qa.utilities.CommonUI.getTitle(CommonUI.java:128)
at com.noorteck.qa.utilities.CommonUI.getTitle(CommonUI.java:128)
at com.noorteck.qa.utilities.CommonUI.getTitle(CommonUI.java:128)
at com.noorteck.qa.utilities.CommonUI.getTitle(CommonUI.java:128)
at com.noorteck.qa.utilities.CommonUI.getTitle(CommonUI.java:128)
at com.noorteck.qa.utilities.CommonUI.getTitle(CommonUI.java:128)
at com.noorteck.qa.utilities.CommonUI.getTitle(CommonUI.java:128)
at com.noorteck.qa.utilities.CommonUI.getTitle(CommonUI.java:128)
at com.noorteck.qa.utilities.CommonUI.getTitle(CommonUI.java:128)
at com.noorteck.qa.utilities.CommonUI.getTitle(CommonUI.java:128)
at com.noorteck.qa.utilities.CommonUI.getTitle(CommonUI.java:128)
at com.noorteck.qa.utilities.CommonUI.getTitle(CommonUI.java:128)
at com.noorteck.qa.utilities.CommonUI.getTitle(CommonUI.java:128)
at com.noorteck.qa.utilities.CommonUI.getTitle(CommonUI.java:128)
at com.noorteck.qa.utilities.CommonUI.getTitle(CommonUI.java:128)
at com.noorteck.qa.utilities.CommonUI.getTitle(CommonUI.java:128)
at com.noorteck.qa.utilities.CommonUI.getTitle(CommonUI.java:128)
at com.noorteck.qa.utilities.CommonUI.getTitle(CommonUI.java:128)
at com.noorteck.qa.utilities.CommonUI.getTitle(CommonUI.java:128)
at com.noorteck.qa.utilities.CommonUI.getTitle(CommonUI.java:128)
at com.noorteck.qa.utilities.CommonUI.getTitle(CommonUI.java:128)
at com.noorteck.qa.utilities.CommonUI.getTitle(CommonUI.java:128)
at com.noorteck.qa.utilities.CommonUI.getTitle(CommonUI.java:128)
at com.noorteck.qa.utilities.CommonUI.getTitle(CommonUI.java:128)
at com.noorteck.qa.utilities.CommonUI.getTitle(CommonUI.java:128)
at com.noorteck.qa.utilities.CommonUI.getTitle(CommonUI.java:128)
at com.noorteck.qa.utilities.CommonUI.getTitle(CommonUI.java:128)
at com.noorteck.qa.utilities.CommonUI.getTitle(CommonUI.java:128)
at com.noorteck.qa.utilities.CommonUI.getTitle(CommonUI.java:128)
at com.noorteck.qa.utilities.CommonUI.getTitle(CommonUI.java:128)
at com.noorteck.qa.utilities.CommonUI.getTitle(CommonUI.java:128)
at com.noorteck.qa.utilities.CommonUI.getTitle(CommonUI.java:128)
at com.noorteck.qa.utilities.CommonUI.getTitle(CommonUI.java:128)
at com.noorteck.qa.utilities.CommonUI.getTitle(CommonUI.java:128)
at com.noorteck.qa.utilities.CommonUI.getTitle(CommonUI.java:128)
at com.noorteck.qa.utilities.CommonUI.getTitle(CommonUI.java:128)
at com.noorteck.qa.utilities.CommonUI.getTitle(CommonUI.java:128)
at com.noorteck.qa.utilities.CommonUI.getTitle(CommonUI.java:128)
at com.noorteck.qa.utilities.CommonUI.getTitle(CommonUI.java:128)
at com.noorteck.qa.utilities.CommonUI.getTitle(CommonUI.java:128)
at com.noorteck.qa.utilities.CommonUI.getTitle(CommonUI.java:128)
at com.noorteck.qa.utilities.CommonUI.getTitle(CommonUI.java:128)
at com.noorteck.qa.utilities.CommonUI.getTitle(CommonUI.java:128)
at com.noorteck.qa.utilities.CommonUI.getTitle(CommonUI.java:128)
at com.noorteck.qa.utilities.CommonUI.getTitle(CommonUI.java:128)
at com.noorteck.qa.utilities.CommonUI.getTitle(CommonUI.java:128)
at com.noorteck.qa.utilities.CommonUI.getTitle(CommonUI.java:128)
at com.noorteck.qa.utilities.CommonUI.getTitle(CommonUI.java:128)
at com.noorteck.qa.utilities.CommonUI.getTitle(CommonUI.java:128)
at com.noorteck.qa.utilities.CommonUI.getTitle(CommonUI.java:128)
at com.noorteck.qa.utilities.CommonUI.getTitle(CommonUI.java:128)
at com.noorteck.qa.utilities.CommonUI.getTitle(CommonUI.java:128)
at com.noorteck.qa.utilities.CommonUI.getTitle(CommonUI.java:128)
at com.noorteck.qa.utilities.CommonUI.getTitle(CommonUI.java:128)
at com.noorteck.qa.utilities.CommonUI.getTitle(CommonUI.java:128)
at com.noorteck.qa.utilities.CommonUI.getTitle(CommonUI.java:128)
at com.noorteck.qa.utilities.CommonUI.getTitle(CommonUI.java:128)
at com.noorteck.qa.utilities.CommonUI.getTitle(CommonUI.java:128)
at com.noorteck.qa.utilities.CommonUI.getTitle(CommonUI.java:128)
at com.noorteck.qa.utilities.CommonUI.getTitle(CommonUI.java:128)
at com.noorteck.qa.utilities.CommonUI.getTitle(CommonUI.java:128)
at com.noorteck.qa.utilities.CommonUI.getTitle(CommonUI.java:128)
at com.noorteck.qa.utilities.CommonUI.getTitle(CommonUI.java:128)
at com.noorteck.qa.utilities.CommonUI.getTitle(CommonUI.java:128)
at com.noorteck.qa.utilities.CommonUI.getTitle(CommonUI.java:128)
at com.noorteck.qa.utilities.CommonUI.getTitle(CommonUI.java:128)
at com.noorteck.qa.utilities.CommonUI.getTitle(CommonUI.java:128)
at com.noorteck.qa.utilities.CommonUI.getTitle(CommonUI.java:128)
at com.noorteck.qa.utilities.CommonUI.getTitle(CommonUI.java:128)
at com.noorteck.qa.utilities.CommonUI.getTitle(CommonUI.java:128)
at com.noorteck.qa.utilities.CommonUI.getTitle(CommonUI.java:128)
at com.noorteck.qa.utilities.CommonUI.getTitle(CommonUI.java:128)
at com.noorteck.qa.utilities.CommonUI.getTitle(CommonUI.java:128)
at com.noorteck.qa.utilities.CommonUI.getTitle(CommonUI.java:128)
at com.noorteck.qa.utilities.CommonUI.getTitle(CommonUI.java:128)
at com.noorteck.qa.utilities.CommonUI.getTitle(CommonUI.java:128)
at com.noorteck.qa.utilities.CommonUI.getTitle(CommonUI.java:128)
at com.noorteck.qa.utilities.CommonUI.getTitle(CommonUI.java:128)
at com.noorteck.qa.utilities.CommonUI.getTitle(CommonUI.java:128)
at com.noorteck.qa.utilities.CommonUI.getTitle(CommonUI.java:128)
at com.noorteck.qa.utilities.CommonUI.getTitle(CommonUI.java:128)
at com.noorteck.qa.utilities.CommonUI.getTitle(CommonUI.java:128)
at com.noorteck.qa.utilities.CommonUI.getTitle(CommonUI.java:128)
at com.noorteck.qa.utilities.CommonUI.getTitle(CommonUI.java:128)
at com.noorteck.qa.utilities.CommonUI.getTitle(CommonUI.java:128)
at com.noorteck.qa.utilities.CommonUI.getTitle(CommonUI.java:128)
at com.noorteck.qa.utilities.CommonUI.getTitle(CommonUI.java:128)
at com.noorteck.qa.utilities.CommonUI.getTitle(CommonUI.java:128)
at com.noorteck.qa.utilities.CommonUI.getTitle(CommonUI.java:128)
at com.noorteck.qa.utilities.CommonUI.getTitle(CommonUI.java:128)
at com.noorteck.qa.utilities.CommonUI.getTitle(CommonUI.java:128)
at com.noorteck.qa.utilities.CommonUI.getTitle(CommonUI.java:128)
at com.noorteck.qa.utilities.CommonUI.getTitle(CommonUI.java:128)
at com.noorteck.qa.utilities.CommonUI.getTitle(CommonUI.java:128)
at com.noorteck.qa.utilities.CommonUI.getTitle(CommonUI.java:128)
at com.noorteck.qa.utilities.CommonUI.getTitle(CommonUI.java:128)
at com.noorteck.qa.utilities.CommonUI.getTitle(CommonUI.java:128)
at com.noorteck.qa.utilities.CommonUI.getTitle(CommonUI.java:128)
at com.noorteck.qa.utilities.CommonUI.getTitle(CommonUI.java:128)
at com.noorteck.qa.utilities.CommonUI.getTitle(CommonUI.java:128)
at com.noorteck.qa.utilities.CommonUI.getTitle(CommonUI.java:128)
at com.noorteck.qa.utilities.CommonUI.getTitle(CommonUI.java:128)
at com.noorteck.qa.utilities.CommonUI.getTitle(CommonUI.java:128)
at com.noorteck.qa.utilities.CommonUI.getTitle(CommonUI.java:128)
at com.noorteck.qa.utilities.CommonUI.getTitle(CommonUI.java:128)
at com.noorteck.qa.utilities.CommonUI.getTitle(CommonUI.java:128)
at com.noorteck.qa.utilities.CommonUI.getTitle(CommonUI.java:128)
at com.noorteck.qa.utilities.CommonUI.getTitle(CommonUI.java:128)
at com.noorteck.qa.utilities.CommonUI.getTitle(CommonUI.java:128)
at com.noorteck.qa.utilities.CommonUI.getTitle(CommonUI.java:128)
at com.noorteck.qa.utilities.CommonUI.getTitle(CommonUI.java:128)
at com.noorteck.qa.utilities.CommonUI.getTitle(CommonUI.java:128)
at com.noorteck.qa.utilities.CommonUI.getTitle(CommonUI.java:128)
at com.noorteck.qa.utilities.CommonUI.getTitle(CommonUI.java:128)
at com.noorteck.qa.utilities.CommonUI.getTitle(CommonUI.java:128)
at com.noorteck.qa.utilities.CommonUI.getTitle(CommonUI.java:128)
at com.noorteck.qa.utilities.CommonUI.getTitle(CommonUI.java:128)
at com.noorteck.qa.utilities.CommonUI.getTitle(CommonUI.java:128)
at com.noorteck.qa.utilities.CommonUI.getTitle(CommonUI.java:128)
at com.noorteck.qa.utilities.CommonUI.getTitle(CommonUI.java:128)
at com.noorteck.qa.utilities.CommonUI.getTitle(CommonUI.java:128)
at com.noorteck.qa.utilities.CommonUI.getTitle(CommonUI.java:128)
at com.noorteck.qa.utilities.CommonUI.getTitle(CommonUI.java:128)
at com.noorteck.qa.utilities.CommonUI.getTitle(CommonUI.java:128)
at com.noorteck.qa.utilities.CommonUI.getTitle(CommonUI.java:128)
at com.noorteck.qa.utilities.CommonUI.getTitle(CommonUI.java:128)
at com.noorteck.qa.utilities.CommonUI.getTitle(CommonUI.java:128)
at com.noorteck.qa.utilities.CommonUI.getTitle(CommonUI.java:128)
at com.noorteck.qa.utilities.CommonUI.getTitle(CommonUI.java:128)
at com.noorteck.qa.utilities.CommonUI.getTitle(CommonUI.java:128)
at com.noorteck.qa.utilities.CommonUI.getTitle(CommonUI.java:128)
at com.noorteck.qa.utilities.CommonUI.getTitle(CommonUI.java:128)
at com.noorteck.qa.utilities.CommonUI.getTitle(CommonUI.java:128)
at com.noorteck.qa.utilities.CommonUI.getTitle(CommonUI.java:128)
at com.noorteck.qa.utilities.CommonUI.getTitle(CommonUI.java:128)
at com.noorteck.qa.utilities.CommonUI.getTitle(CommonUI.java:128)
at com.noorteck.qa.utilities.CommonUI.getTitle(CommonUI.java:128)
at com.noorteck.qa.utilities.CommonUI.getTitle(CommonUI.java:128)
at com.noorteck.qa.utilities.CommonUI.getTitle(CommonUI.java:128)
at com.noorteck.qa.utilities.CommonUI.getTitle(CommonUI.java:128)
at com.noorteck.qa.utilities.CommonUI.getTitle(CommonUI.java:128)
at com.noorteck.qa.utilities.CommonUI.getTitle(CommonUI.java:128)
at com.noorteck.qa.utilities.CommonUI.getTitle(CommonUI.java:128)
at com.noorteck.qa.utilities.CommonUI.getTitle(CommonUI.java:128)
at com.noorteck.qa.utilities.CommonUI.getTitle(CommonUI.java:128)
at com.noorteck.qa.utilities.CommonUI.getTitle(CommonUI.java:128)
at com.noorteck.qa.utilities.CommonUI.getTitle(CommonUI.java:128)
at com.noorteck.qa.utilities.CommonUI.getTitle(CommonUI.java:128)
at com.noorteck.qa.utilities.CommonUI.getTitle(CommonUI.java:128)
at com.noorteck.qa.utilities.CommonUI.getTitle(CommonUI.java:128)
at com.noorteck.qa.utilities.CommonUI.getTitle(CommonUI.java:128)
at com.noorteck.qa.utilities.CommonUI.getTitle(CommonUI.java:128)
at com.noorteck.qa.utilities.CommonUI.getTitle(CommonUI.java:128)
at com.noorteck.qa.utilities.CommonUI.getTitle(CommonUI.java:128)
at com.noorteck.qa.utilities.CommonUI.getTitle(CommonUI.java:128)
at com.noorteck.qa.utilities.CommonUI.getTitle(CommonUI.java:128)
at com.noorteck.qa.utilities.CommonUI.getTitle(CommonUI.java:128)
at com.noorteck.qa.utilities.CommonUI.getTitle(CommonUI.java:128)
at com.noorteck.qa.utilities.CommonUI.getTitle(CommonUI.java:128)
at com.noorteck.qa.utilities.CommonUI.getTitle(CommonUI.java:128)
at com.noorteck.qa.utilities.CommonUI.getTitle(CommonUI.java:128)
at com.noorteck.qa.utilities.CommonUI.getTitle(CommonUI.java:128)
at com.noorteck.qa.utilities.CommonUI.getTitle(CommonUI.java:128)
at com.noorteck.qa.utilities.CommonUI.getTitle(CommonUI.java:128)
at com.noorteck.qa.utilities.CommonUI.getTitle(CommonUI.java:128)
at com.noorteck.qa.utilities.CommonUI.getTitle(CommonUI.java:128)
at com.noorteck.qa.utilities.CommonUI.getTitle(CommonUI.java:128)
at com.noorteck.qa.utilities.CommonUI.getTitle(CommonUI.java:128)
at com.noorteck.qa.utilities.CommonUI.getTitle(CommonUI.java:128)
at com.noorteck.qa.utilities.CommonUI.getTitle(CommonUI.java:128)
at com.noorteck.qa.utilities.CommonUI.getTitle(CommonUI.java:128)
at com.noorteck.qa.utilities.CommonUI.getTitle(CommonUI.java:128)
at com.noorteck.qa.utilities.CommonUI.getTitle(CommonUI.java:128)
at com.noorteck.qa.utilities.CommonUI.getTitle(CommonUI.java:128)
at com.noorteck.qa.utilities.CommonUI.getTitle(CommonUI.java:128)
at com.noorteck.qa.utilities.CommonUI.getTitle(CommonUI.java:128)
at com.noorteck.qa.utilities.CommonUI.getTitle(CommonUI.java:128)
at com.noorteck.qa.utilities.CommonUI.getTitle(CommonUI.java:128)
at com.noorteck.qa.utilities.CommonUI.getTitle(CommonUI.java:128)
at com.noorteck.qa.utilities.CommonUI.getTitle(CommonUI.java:128)
at com.noorteck.qa.utilities.CommonUI.getTitle(CommonUI.java:128)
at com.noorteck.qa.utilities.CommonUI.getTitle(CommonUI.java:128)
at com.noorteck.qa.utilities.CommonUI.getTitle(CommonUI.java:128)
at com.noorteck.qa.utilities.CommonUI.getTitle(CommonUI.java:128)
at com.noorteck.qa.utilities.CommonUI.getTitle(CommonUI.java:128)
at com.noorteck.qa.utilities.CommonUI.getTitle(CommonUI.java:128)
at com.noorteck.qa.utilities.CommonUI.getTitle(CommonUI.java:128)
at com.noorteck.qa.utilities.CommonUI.getTitle(CommonUI.java:128)
at com.noorteck.qa.utilities.CommonUI.getTitle(CommonUI.java:128)
at com.noorteck.qa.utilities.CommonUI.getTitle(CommonUI.java:128)
at com.noorteck.qa.utilities.CommonUI.getTitle(CommonUI.java:128)
at com.noorteck.qa.utilities.CommonUI.getTitle(CommonUI.java:128)
at com.noorteck.qa.utilities.CommonUI.getTitle(CommonUI.java:128)
at com.noorteck.qa.utilities.CommonUI.getTitle(CommonUI.java:128)
at com.noorteck.qa.utilities.CommonUI.getTitle(CommonUI.java:128)
at com.noorteck.qa.utilities.CommonUI.getTitle(CommonUI.java:128)
at com.noorteck.qa.utilities.CommonUI.getTitle(CommonUI.java:128)
at com.noorteck.qa.utilities.CommonUI.getTitle(CommonUI.java:128)
at com.noorteck.qa.utilities.CommonUI.getTitle(CommonUI.java:128)
at com.noorteck.qa.utilities.CommonUI.getTitle(CommonUI.java:128)
at com.noorteck.qa.utilities.CommonUI.getTitle(CommonUI.java:128)
at com.noorteck.qa.utilities.CommonUI.getTitle(CommonUI.java:128)
at com.noorteck.qa.utilities.CommonUI.getTitle(CommonUI.java:128)
at com.noorteck.qa.utilities.CommonUI.getTitle(CommonUI.java:128)
at com.noorteck.qa.utilities.CommonUI.getTitle(CommonUI.java:128)
at com.noorteck.qa.utilities.CommonUI.getTitle(CommonUI.java:128)
at com.noorteck.qa.utilities.CommonUI.getTitle(CommonUI.java:128)
at com.noorteck.qa.utilities.CommonUI.getTitle(CommonUI.java:128)
at com.noorteck.qa.utilities.CommonUI.getTitle(CommonUI.java:128)
at com.noorteck.qa.utilities.CommonUI.getTitle(CommonUI.java:128)
at com.noorteck.qa.utilities.CommonUI.getTitle(CommonUI.java:128)
at com.noorteck.qa.utilities.CommonUI.getTitle(CommonUI.java:128)
at com.noorteck.qa.utilities.CommonUI.getTitle(CommonUI.java:128)
at com.noorteck.qa.utilities.CommonUI.getTitle(CommonUI.java:128)
at com.noorteck.qa.utilities.CommonUI.getTitle(CommonUI.java:128)
at com.noorteck.qa.utilities.CommonUI.getTitle(CommonUI.java:128)
at com.noorteck.qa.utilities.CommonUI.getTitle(CommonUI.java:128)
at com.noorteck.qa.utilities.CommonUI.getTitle(CommonUI.java:128)
at com.noorteck.qa.utilities.CommonUI.getTitle(CommonUI.java:128)
at com.noorteck.qa.utilities.CommonUI.getTitle(CommonUI.java:128)
at com.noorteck.qa.utilities.CommonUI.getTitle(CommonUI.java:128)
at com.noorteck.qa.utilities.CommonUI.getTitle(CommonUI.java:128)
at com.noorteck.qa.utilities.CommonUI.getTitle(CommonUI.java:128)
at com.noorteck.qa.utilities.CommonUI.getTitle(CommonUI.java:128)
at com.noorteck.qa.utilities.CommonUI.getTitle(CommonUI.java:128)
at com.noorteck.qa.utilities.CommonUI.getTitle(CommonUI.java:128)
at com.noorteck.qa.utilities.CommonUI.getTitle(CommonUI.java:128)
at com.noorteck.qa.utilities.CommonUI.getTitle(CommonUI.java:128)
at com.noorteck.qa.utilities.CommonUI.getTitle(CommonUI.java:128)
at com.noorteck.qa.utilities.CommonUI.getTitle(CommonUI.java:128)
at com.noorteck.qa.utilities.CommonUI.getTitle(CommonUI.java:128)
at com.noorteck.qa.utilities.CommonUI.getTitle(CommonUI.java:128)
at com.noorteck.qa.utilities.CommonUI.getTitle(CommonUI.java:128)
at com.noorteck.qa.utilities.CommonUI.getTitle(CommonUI.java:128)
at com.noorteck.qa.utilities.CommonUI.getTitle(CommonUI.java:128)
at com.noorteck.qa.utilities.CommonUI.getTitle(CommonUI.java:128)
at com.noorteck.qa.utilities.CommonUI.getTitle(CommonUI.java:128)
at com.noorteck.qa.utilities.CommonUI.getTitle(CommonUI.java:128)
at com.noorteck.qa.utilities.CommonUI.getTitle(CommonUI.java:128)
at com.noorteck.qa.utilities.CommonUI.getTitle(CommonUI.java:128)
at com.noorteck.qa.utilities.CommonUI.getTitle(CommonUI.java:128)
at com.noorteck.qa.utilities.CommonUI.getTitle(CommonUI.java:128)
at com.noorteck.qa.utilities.CommonUI.getTitle(CommonUI.java:128)
at com.noorteck.qa.utilities.CommonUI.getTitle(CommonUI.java:128)
at com.noorteck.qa.utilities.CommonUI.getTitle(CommonUI.java:128)
at com.noorteck.qa.utilities.CommonUI.getTitle(CommonUI.java:128)
at com.noorteck.qa.utilities.CommonUI.getTitle(CommonUI.java:128)
at com.noorteck.qa.utilities.CommonUI.getTitle(CommonUI.java:128)
at com.noorteck.qa.utilities.CommonUI.getTitle(CommonUI.java:128)
at com.noorteck.qa.utilities.CommonUI.getTitle(CommonUI.java:128)
at com.noorteck.qa.utilities.CommonUI.getTitle(CommonUI.java:128)
at com.noorteck.qa.utilities.CommonUI.getTitle(CommonUI.java:128)
at com.noorteck.qa.utilities.CommonUI.getTitle(CommonUI.java:128)
at com.noorteck.qa.utilities.CommonUI.getTitle(CommonUI.java:128)
at com.noorteck.qa.utilities.CommonUI.getTitle(CommonUI.java:128)
at com.noorteck.qa.utilities.CommonUI.getTitle(CommonUI.java:128)
at com.noorteck.qa.utilities.CommonUI.getTitle(CommonUI.java:128)
at com.noorteck.qa.utilities.CommonUI.getTitle(CommonUI.java:128)
at com.noorteck.qa.utilities.CommonUI.getTitle(CommonUI.java:128)
at com.noorteck.qa.utilities.CommonUI.getTitle(CommonUI.java:128)
at com.noorteck.qa.utilities.CommonUI.getTitle(CommonUI.java:128)
at com.noorteck.qa.utilities.CommonUI.getTitle(CommonUI.java:128)
at com.noorteck.qa.utilities.CommonUI.getTitle(CommonUI.java:128)
at com.noorteck.qa.utilities.CommonUI.getTitle(CommonUI.java:128)
at com.noorteck.qa.utilities.CommonUI.getTitle(CommonUI.java:128)
at com.noorteck.qa.utilities.CommonUI.getTitle(CommonUI.java:128)
at com.noorteck.qa.utilities.CommonUI.getTitle(CommonUI.java:128)
at com.noorteck.qa.utilities.CommonUI.getTitle(CommonUI.java:128)
at com.noorteck.qa.utilities.CommonUI.getTitle(CommonUI.java:128)
at com.noorteck.qa.utilities.CommonUI.getTitle(CommonUI.java:128)
at com.noorteck.qa.utilities.CommonUI.getTitle(CommonUI.java:128)
at com.noorteck.qa.utilities.CommonUI.getTitle(CommonUI.java:128)
at com.noorteck.qa.utilities.CommonUI.getTitle(CommonUI.java:128)
at com.noorteck.qa.utilities.CommonUI.getTitle(CommonUI.java:128)
at com.noorteck.qa.utilities.CommonUI.getTitle(CommonUI.java:128)
at com.noorteck.qa.utilities.CommonUI.getTitle(CommonUI.java:128)
at com.noorteck.qa.utilities.CommonUI.getTitle(CommonUI.java:128)
at com.noorteck.qa.utilities.CommonUI.getTitle(CommonUI.java:128)
at com.noorteck.qa.utilities.CommonUI.getTitle(CommonUI.java:128)
at com.noorteck.qa.utilities.CommonUI.getTitle(CommonUI.java:128)
at com.noorteck.qa.utilities.CommonUI.getTitle(CommonUI.java:128)
at com.noorteck.qa.utilities.CommonUI.getTitle(CommonUI.java:128)
at com.noorteck.qa.utilities.CommonUI.getTitle(CommonUI.java:128)
at com.noorteck.qa.utilities.CommonUI.getTitle(CommonUI.java:128)
at com.noorteck.qa.utilities.CommonUI.getTitle(CommonUI.java:128)
at com.noorteck.qa.utilities.CommonUI.getTitle(CommonUI.java:128)
at com.noorteck.qa.utilities.CommonUI.getTitle(CommonUI.java:128)
at com.noorteck.qa.utilities.CommonUI.getTitle(CommonUI.java:128)
at com.noorteck.qa.utilities.CommonUI.getTitle(CommonUI.java:128)
at com.noorteck.qa.utilities.CommonUI.getTitle(CommonUI.java:128)
at com.noorteck.qa.utilities.CommonUI.getTitle(CommonUI.java:128)
at com.noorteck.qa.utilities.CommonUI.getTitle(CommonUI.java:128)
at com.noorteck.qa.utilities.CommonUI.getTitle(CommonUI.java:128)
at com.noorteck.qa.utilities.CommonUI.getTitle(CommonUI.java:128)
at com.noorteck.qa.utilities.CommonUI.getTitle(CommonUI.java:128)
at com.noorteck.qa.utilities.CommonUI.getTitle(CommonUI.java:128)
at com.noorteck.qa.utilities.CommonUI.getTitle(CommonUI.java:128)
at com.noorteck.qa.utilities.CommonUI.getTitle(CommonUI.java:128)
at com.noorteck.qa.utilities.CommonUI.getTitle(CommonUI.java:128)
at com.noorteck.qa.utilities.CommonUI.getTitle(CommonUI.java:128)
at com.noorteck.qa.utilities.CommonUI.getTitle(CommonUI.java:128)
at com.noorteck.qa.utilities.CommonUI.getTitle(CommonUI.java:128)
at com.noorteck.qa.utilities.CommonUI.getTitle(CommonUI.java:128)
at com.noorteck.qa.utilities.CommonUI.getTitle(CommonUI.java:128)
at com.noorteck.qa.utilities.CommonUI.getTitle(CommonUI.java:128)
at com.noorteck.qa.utilities.CommonUI.getTitle(CommonUI.java:128)
at com.noorteck.qa.utilities.CommonUI.getTitle(CommonUI.java:128)
at com.noorteck.qa.utilities.CommonUI.getTitle(CommonUI.java:128)
at com.noorteck.qa.utilities.CommonUI.getTitle(CommonUI.java:128)
at com.noorteck.qa.utilities.CommonUI.getTitle(CommonUI.java:128)
at com.noorteck.qa.utilities.CommonUI.getTitle(CommonUI.java:128)
at com.noorteck.qa.utilities.CommonUI.getTitle(CommonUI.java:128)
at com.noorteck.qa.utilities.CommonUI.getTitle(CommonUI.java:128)
at com.noorteck.qa.utilities.CommonUI.getTitle(CommonUI.java:128)
at com.noorteck.qa.utilities.CommonUI.getTitle(CommonUI.java:128)
at com.noorteck.qa.utilities.CommonUI.getTitle(CommonUI.java:128)
at com.noorteck.qa.utilities.CommonUI.getTitle(CommonUI.java:128)
at com.noorteck.qa.utilities.CommonUI.getTitle(CommonUI.java:128)
at com.noorteck.qa.utilities.CommonUI.getTitle(CommonUI.java:128)
at com.noorteck.qa.utilities.CommonUI.getTitle(CommonUI.java:128)
at com.noorteck.qa.utilities.CommonUI.getTitle(CommonUI.java:128)
at com.noorteck.qa.utilities.CommonUI.getTitle(CommonUI.java:128)
at com.noorteck.qa.utilities.CommonUI.getTitle(CommonUI.java:128)
at com.noorteck.qa.utilities.CommonUI.getTitle(CommonUI.java:128)
at com.noorteck.qa.utilities.CommonUI.getTitle(CommonUI.java:128)
at com.noorteck.qa.utilities.CommonUI.getTitle(CommonUI.java:128)
at com.noorteck.qa.utilities.CommonUI.getTitle(CommonUI.java:128)
at com.noorteck.qa.utilities.CommonUI.getTitle(CommonUI.java:128)
at com.noorteck.qa.utilities.CommonUI.getTitle(CommonUI.java:128)
at com.noorteck.qa.utilities.CommonUI.getTitle(CommonUI.java:128)
at com.noorteck.qa.utilities.CommonUI.getTitle(CommonUI.java:128)
at com.noorteck.qa.utilities.CommonUI.getTitle(CommonUI.java:128)
at com.noorteck.qa.utilities.CommonUI.getTitle(CommonUI.java:128)
at com.noorteck.qa.utilities.CommonUI.getTitle(CommonUI.java:128)
at com.noorteck.qa.utilities.CommonUI.getTitle(CommonUI.java:128)
at com.noorteck.qa.utilities.CommonUI.getTitle(CommonUI.java:128)
at com.noorteck.qa.utilities.CommonUI.getTitle(CommonUI.java:128)
at com.noorteck.qa.utilities.CommonUI.getTitle(CommonUI.java:128)
at com.noorteck.qa.utilities.CommonUI.getTitle(CommonUI.java:128)
at com.noorteck.qa.utilities.CommonUI.getTitle(CommonUI.java:128)
at com.noorteck.qa.utilities.CommonUI.getTitle(CommonUI.java:128)
at com.noorteck.qa.utilities.CommonUI.getTitle(CommonUI.java:128)
at com.noorteck.qa.utilities.CommonUI.getTitle(CommonUI.java:128)
at com.noorteck.qa.utilities.CommonUI.getTitle(CommonUI.java:128)
at com.noorteck.qa.utilities.CommonUI.getTitle(CommonUI.java:128)
at com.noorteck.qa.utilities.CommonUI.getTitle(CommonUI.java:128)
at com.noorteck.qa.utilities.CommonUI.getTitle(CommonUI.java:128)
at com.noorteck.qa.utilities.CommonUI.getTitle(CommonUI.java:128)
at com.noorteck.qa.utilities.CommonUI.getTitle(CommonUI.java:128)
at com.noorteck.qa.utilities.CommonUI.getTitle(CommonUI.java:128)
at com.noorteck.qa.utilities.CommonUI.getTitle(CommonUI.java:128)
at com.noorteck.qa.utilities.CommonUI.getTitle(CommonUI.java:128)
at com.noorteck.qa.utilities.CommonUI.getTitle(CommonUI.java:128)
at com.noorteck.qa.utilities.CommonUI.getTitle(CommonUI.java:128)
at com.noorteck.qa.utilities.CommonUI.getTitle(CommonUI.java:128)
at com.noorteck.qa.utilities.CommonUI.getTitle(CommonUI.java:128)
at com.noorteck.qa.utilities.CommonUI.getTitle(CommonUI.java:128)
at com.noorteck.qa.utilities.CommonUI.getTitle(CommonUI.java:128)
at com.noorteck.qa.utilities.CommonUI.getTitle(CommonUI.java:128)
at com.noorteck.qa.utilities.CommonUI.getTitle(CommonUI.java:128)
at com.noorteck.qa.utilities.CommonUI.getTitle(CommonUI.java:128)
at com.noorteck.qa.utilities.CommonUI.getTitle(CommonUI.java:128)
at com.noorteck.qa.utilities.CommonUI.getTitle(CommonUI.java:128)
at com.noorteck.qa.utilities.CommonUI.getTitle(CommonUI.java:128)
at com.noorteck.qa.utilities.CommonUI.getTitle(CommonUI.java:128)
at com.noorteck.qa.utilities.CommonUI.getTitle(CommonUI.java:128)
at com.noorteck.qa.utilities.CommonUI.getTitle(CommonUI.java:128)
at com.noorteck.qa.utilities.CommonUI.getTitle(CommonUI.java:128)
at com.noorteck.qa.utilities.CommonUI.getTitle(CommonUI.java:128)
at com.noorteck.qa.utilities.CommonUI.getTitle(CommonUI.java:128)
at com.noorteck.qa.utilities.CommonUI.getTitle(CommonUI.java:128)
at com.noorteck.qa.utilities.CommonUI.getTitle(CommonUI.java:128)
at com.noorteck.qa.utilities.CommonUI.getTitle(CommonUI.java:128)
at com.noorteck.qa.utilities.CommonUI.getTitle(CommonUI.java:128)
at com.noorteck.qa.utilities.CommonUI.getTitle(CommonUI.java:128)
at com.noorteck.qa.utilities.CommonUI.getTitle(CommonUI.java:128)
at com.noorteck.qa.utilities.CommonUI.getTitle(CommonUI.java:128)
at com.noorteck.qa.utilities.CommonUI.getTitle(CommonUI.java:128)
at com.noorteck.qa.utilities.CommonUI.getTitle(CommonUI.java:128)
at com.noorteck.qa.utilities.CommonUI.getTitle(CommonUI.java:128)
at com.noorteck.qa.utilities.CommonUI.getTitle(CommonUI.java:128)
at com.noorteck.qa.utilities.CommonUI.getTitle(CommonUI.java:128)
at com.noorteck.qa.utilities.CommonUI.getTitle(CommonUI.java:128)
at com.noorteck.qa.utilities.CommonUI.getTitle(CommonUI.java:128)
at com.noorteck.qa.utilities.CommonUI.getTitle(CommonUI.java:128)
at com.noorteck.qa.utilities.CommonUI.getTitle(CommonUI.java:128)
at com.noorteck.qa.utilities.CommonUI.getTitle(CommonUI.java:128)
at com.noorteck.qa.utilities.CommonUI.getTitle(CommonUI.java:128)
at com.noorteck.qa.utilities.CommonUI.getTitle(CommonUI.java:128)
at com.noorteck.qa.utilities.CommonUI.getTitle(CommonUI.java:128)
at com.noorteck.qa.utilities.CommonUI.getTitle(CommonUI.java:128)
at com.noorteck.qa.utilities.CommonUI.getTitle(CommonUI.java:128)
at com.noorteck.qa.utilities.CommonUI.getTitle(CommonUI.java:128)
at com.noorteck.qa.utilities.CommonUI.getTitle(CommonUI.java:128)
at com.noorteck.qa.utilities.CommonUI.getTitle(CommonUI.java:128)
at com.noorteck.qa.utilities.CommonUI.getTitle(CommonUI.java:128)
at com.noorteck.qa.utilities.CommonUI.getTitle(CommonUI.java:128)
at com.noorteck.qa.utilities.CommonUI.getTitle(CommonUI.java:128)
at com.noorteck.qa.utilities.CommonUI.getTitle(CommonUI.java:128)
at com.noorteck.qa.utilities.CommonUI.getTitle(CommonUI.java:128)
at com.noorteck.qa.utilities.CommonUI.getTitle(CommonUI.java:128)
at com.noorteck.qa.utilities.CommonUI.getTitle(CommonUI.java:128)
at com.noorteck.qa.utilities.CommonUI.getTitle(CommonUI.java:128)
at com.noorteck.qa.utilities.CommonUI.getTitle(CommonUI.java:128)
at com.noorteck.qa.utilities.CommonUI.getTitle(CommonUI.java:128)
at com.noorteck.qa.utilities.CommonUI.getTitle(CommonUI.java:128)
at com.noorteck.qa.utilities.CommonUI.getTitle(CommonUI.java:128)
at com.noorteck.qa.utilities.CommonUI.getTitle(CommonUI.java:128)
at com.noorteck.qa.utilities.CommonUI.getTitle(CommonUI.java:128)
at com.noorteck.qa.utilities.CommonUI.getTitle(CommonUI.java:128)
at com.noorteck.qa.utilities.CommonUI.getTitle(CommonUI.java:128)
at com.noorteck.qa.utilities.CommonUI.getTitle(CommonUI.java:128)
at com.noorteck.qa.utilities.CommonUI.getTitle(CommonUI.java:128)
at com.noorteck.qa.utilities.CommonUI.getTitle(CommonUI.java:128)
at com.noorteck.qa.utilities.CommonUI.getTitle(CommonUI.java:128)
at com.noorteck.qa.utilities.CommonUI.getTitle(CommonUI.java:128)
at com.noorteck.qa.utilities.CommonUI.getTitle(CommonUI.java:128)
at com.noorteck.qa.utilities.CommonUI.getTitle(CommonUI.java:128)
at com.noorteck.qa.utilities.CommonUI.getTitle(CommonUI.java:128)
at com.noorteck.qa.utilities.CommonUI.getTitle(CommonUI.java:128)
at com.noorteck.qa.utilities.CommonUI.getTitle(CommonUI.java:128)
at com.noorteck.qa.utilities.CommonUI.getTitle(CommonUI.java:128)
at com.noorteck.qa.utilities.CommonUI.getTitle(CommonUI.java:128)
at com.noorteck.qa.utilities.CommonUI.getTitle(CommonUI.java:128)
at com.noorteck.qa.utilities.CommonUI.getTitle(CommonUI.java:128)
at com.noorteck.qa.utilities.CommonUI.getTitle(CommonUI.java:128)
at com.noorteck.qa.utilities.CommonUI.getTitle(CommonUI.java:128)
at com.noorteck.qa.utilities.CommonUI.getTitle(CommonUI.java:128)
at com.noorteck.qa.utilities.CommonUI.getTitle(CommonUI.java:128)
at com.noorteck.qa.utilities.CommonUI.getTitle(CommonUI.java:128)
at com.noorteck.qa.utilities.CommonUI.getTitle(CommonUI.java:128)
at com.noorteck.qa.utilities.CommonUI.getTitle(CommonUI.java:128)
at com.noorteck.qa.utilities.CommonUI.getTitle(CommonUI.java:128)
at com.noorteck.qa.utilities.CommonUI.getTitle(CommonUI.java:128)
at com.noorteck.qa.utilities.CommonUI.getTitle(CommonUI.java:128)
at com.noorteck.qa.utilities.CommonUI.getTitle(CommonUI.java:128)
at com.noorteck.qa.utilities.CommonUI.getTitle(CommonUI.java:128)
at com.noorteck.qa.utilities.CommonUI.getTitle(CommonUI.java:128)
at com.noorteck.qa.utilities.CommonUI.getTitle(CommonUI.java:128)
at com.noorteck.qa.utilities.CommonUI.getTitle(CommonUI.java:128)
at com.noorteck.qa.utilities.CommonUI.getTitle(CommonUI.java:128)
at com.noorteck.qa.utilities.CommonUI.getTitle(CommonUI.java:128)
at com.noorteck.qa.utilities.CommonUI.getTitle(CommonUI.java:128)
at com.noorteck.qa.utilities.CommonUI.getTitle(CommonUI.java:128)
at com.noorteck.qa.utilities.CommonUI.getTitle(CommonUI.java:128)
at com.noorteck.qa.utilities.CommonUI.getTitle(CommonUI.java:128)
at com.noorteck.qa.utilities.CommonUI.getTitle(CommonUI.java:128)
at com.noorteck.qa.utilities.CommonUI.getTitle(CommonUI.java:128)
at com.noorteck.qa.utilities.CommonUI.getTitle(CommonUI.java:128)
at com.noorteck.qa.utilities.CommonUI.getTitle(CommonUI.java:128)
at com.noorteck.qa.utilities.CommonUI.getTitle(CommonUI.java:128)
at com.noorteck.qa.utilities.CommonUI.getTitle(CommonUI.java:128)
at com.noorteck.qa.utilities.CommonUI.getTitle(CommonUI.java:128)
at com.noorteck.qa.utilities.CommonUI.getTitle(CommonUI.java:128)
at com.noorteck.qa.utilities.CommonUI.getTitle(CommonUI.java:128)
at com.noorteck.qa.utilities.CommonUI.getTitle(CommonUI.java:128)
at com.noorteck.qa.utilities.CommonUI.getTitle(CommonUI.java:128)
at com.noorteck.qa.utilities.CommonUI.getTitle(CommonUI.java:128)
at com.noorteck.qa.utilities.CommonUI.getTitle(CommonUI.java:128)
at com.noorteck.qa.utilities.CommonUI.getTitle(CommonUI.java:128)
at com.noorteck.qa.utilities.CommonUI.getTitle(CommonUI.java:128)
at com.noorteck.qa.utilities.CommonUI.getTitle(CommonUI.java:128)
at com.noorteck.qa.utilities.CommonUI.getTitle(CommonUI.java:128)
at com.noorteck.qa.utilities.CommonUI.getTitle(CommonUI.java:128)
at com.noorteck.qa.utilities.CommonUI.getTitle(CommonUI.java:128)
at com.noorteck.qa.utilities.CommonUI.getTitle(CommonUI.java:128)
at com.noorteck.qa.utilities.CommonUI.getTitle(CommonUI.java:128)
at com.noorteck.qa.utilities.CommonUI.getTitle(CommonUI.java:128)
at com.noorteck.qa.utilities.CommonUI.getTitle(CommonUI.java:128)
at com.noorteck.qa.utilities.CommonUI.getTitle(CommonUI.java:128)
at com.noorteck.qa.utilities.CommonUI.getTitle(CommonUI.java:128)
at com.noorteck.qa.utilities.CommonUI.getTitle(CommonUI.java:128)
at com.noorteck.qa.utilities.CommonUI.getTitle(CommonUI.java:128)
at com.noorteck.qa.utilities.CommonUI.getTitle(CommonUI.java:128)
at com.noorteck.qa.utilities.CommonUI.getTitle(CommonUI.java:128)
at com.noorteck.qa.utilities.CommonUI.getTitle(CommonUI.java:128)
at com.noorteck.qa.utilities.CommonUI.getTitle(CommonUI.java:128)
at com.noorteck.qa.utilities.CommonUI.getTitle(CommonUI.java:128)
at com.noorteck.qa.utilities.CommonUI.getTitle(CommonUI.java:128)
at com.noorteck.qa.utilities.CommonUI.getTitle(CommonUI.java:128)
at com.noorteck.qa.utilities.CommonUI.getTitle(CommonUI.java:128)
at com.noorteck.qa.utilities.CommonUI.getTitle(CommonUI.java:128)
at com.noorteck.qa.utilities.CommonUI.getTitle(CommonUI.java:128)
at com.noorteck.qa.utilities.CommonUI.getTitle(CommonUI.java:128)
at com.noorteck.qa.utilities.CommonUI.getTitle(CommonUI.java:128)
at com.noorteck.qa.utilities.CommonUI.getTitle(CommonUI.java:128)
at com.noorteck.qa.utilities.CommonUI.getTitle(CommonUI.java:128)
at com.noorteck.qa.utilities.CommonUI.getTitle(CommonUI.java:128)
at com.noorteck.qa.utilities.CommonUI.getTitle(CommonUI.java:128)
at com.noorteck.qa.utilities.CommonUI.getTitle(CommonUI.java:128)
at com.noorteck.qa.utilities.CommonUI.getTitle(CommonUI.java:128)
at com.noorteck.qa.utilities.CommonUI.getTitle(CommonUI.java:128)
at com.noorteck.qa.utilities.CommonUI.getTitle(CommonUI.java:128)
at com.noorteck.qa.utilities.CommonUI.getTitle(CommonUI.java:128)
at com.noorteck.qa.utilities.CommonUI.getTitle(CommonUI.java:128)
at com.noorteck.qa.utilities.CommonUI.getTitle(CommonUI.java:128)
at com.noorteck.qa.utilities.CommonUI.getTitle(CommonUI.java:128)
at com.noorteck.qa.utilities.CommonUI.getTitle(CommonUI.java:128)
at com.noorteck.qa.utilities.CommonUI.getTitle(CommonUI.java:128)
at com.noorteck.qa.utilities.CommonUI.getTitle(CommonUI.java:128)
at com.noorteck.qa.utilities.CommonUI.getTitle(CommonUI.java:128)
at com.noorteck.qa.utilities.CommonUI.getTitle(CommonUI.java:128)
at com.noorteck.qa.utilities.CommonUI.getTitle(CommonUI.java:128)
at com.noorteck.qa.utilities.CommonUI.getTitle(CommonUI.java:128)
at com.noorteck.qa.utilities.CommonUI.getTitle(CommonUI.java:128)
at com.noorteck.qa.utilities.CommonUI.getTitle(CommonUI.java:128)
at com.noorteck.qa.utilities.CommonUI.getTitle(CommonUI.java:128)
at com.noorteck.qa.utilities.CommonUI.getTitle(CommonUI.java:128)
at com.noorteck.qa.utilities.CommonUI.getTitle(CommonUI.java:128)
at com.noorteck.qa.utilities.CommonUI.getTitle(CommonUI.java:128)
at com.noorteck.qa.utilities.CommonUI.getTitle(CommonUI.java:128)
at com.noorteck.qa.utilities.CommonUI.getTitle(CommonUI.java:128)
at com.noorteck.qa.utilities.CommonUI.getTitle(CommonUI.java:128)
at com.noorteck.qa.utilities.CommonUI.getTitle(CommonUI.java:128)
at com.noorteck.qa.utilities.CommonUI.getTitle(CommonUI.java:128)
at com.noorteck.qa.utilities.CommonUI.getTitle(CommonUI.java:128)
at com.noorteck.qa.utilities.CommonUI.getTitle(CommonUI.java:128)
at com.noorteck.qa.utilities.CommonUI.getTitle(CommonUI.java:128)
at com.noorteck.qa.utilities.CommonUI.getTitle(CommonUI.java:128)
at com.noorteck.qa.utilities.CommonUI.getTitle(CommonUI.java:128)
at com.noorteck.qa.utilities.CommonUI.getTitle(CommonUI.java:128)
at com.noorteck.qa.utilities.CommonUI.getTitle(CommonUI.java:128)
at com.noorteck.qa.utilities.CommonUI.getTitle(CommonUI.java:128)
at com.noorteck.qa.utilities.CommonUI.getTitle(CommonUI.java:128)
at com.noorteck.qa.utilities.CommonUI.getTitle(CommonUI.java:128)
at com.noorteck.qa.utilities.CommonUI.getTitle(CommonUI.java:128)
at com.noorteck.qa.utilities.CommonUI.getTitle(CommonUI.java:128)
at com.noorteck.qa.utilities.CommonUI.getTitle(CommonUI.java:128)
at com.noorteck.qa.utilities.CommonUI.getTitle(CommonUI.java:128)
at com.noorteck.qa.utilities.CommonUI.getTitle(CommonUI.java:128)
at com.noorteck.qa.utilities.CommonUI.getTitle(CommonUI.java:128)
at com.noorteck.qa.utilities.CommonUI.getTitle(CommonUI.java:128)
at com.noorteck.qa.utilities.CommonUI.getTitle(CommonUI.java:128)
at com.noorteck.qa.utilities.CommonUI.getTitle(CommonUI.java:128)
at com.noorteck.qa.utilities.CommonUI.getTitle(CommonUI.java:128)
at com.noorteck.qa.utilities.CommonUI.getTitle(CommonUI.java:128)
at com.noorteck.qa.utilities.CommonUI.getTitle(CommonUI.java:128)
at com.noorteck.qa.utilities.CommonUI.getTitle(CommonUI.java:128)
at com.noorteck.qa.utilities.CommonUI.getTitle(CommonUI.java:128)
at com.noorteck.qa.utilities.CommonUI.getTitle(CommonUI.java:128)
at com.noorteck.qa.utilities.CommonUI.getTitle(CommonUI.java:128)
at com.noorteck.qa.utilities.CommonUI.getTitle(CommonUI.java:128)
at com.noorteck.qa.utilities.CommonUI.getTitle(CommonUI.java:128)
at com.noorteck.qa.utilities.CommonUI.getTitle(CommonUI.java:128)
at com.noorteck.qa.utilities.CommonUI.getTitle(CommonUI.java:128)
at com.noorteck.qa.utilities.CommonUI.getTitle(CommonUI.java:128)
at com.noorteck.qa.utilities.CommonUI.getTitle(CommonUI.java:128)
at com.noorteck.qa.utilities.CommonUI.getTitle(CommonUI.java:128)
at com.noorteck.qa.utilities.CommonUI.getTitle(CommonUI.java:128)
at com.noorteck.qa.utilities.CommonUI.getTitle(CommonUI.java:128)
at com.noorteck.qa.utilities.CommonUI.getTitle(CommonUI.java:128)
at com.noorteck.qa.utilities.CommonUI.getTitle(CommonUI.java:128)
at com.noorteck.qa.utilities.CommonUI.getTitle(CommonUI.java:128)
at com.noorteck.qa.utilities.CommonUI.getTitle(CommonUI.java:128)
at com.noorteck.qa.utilities.CommonUI.getTitle(CommonUI.java:128)
at com.noorteck.qa.utilities.CommonUI.getTitle(CommonUI.java:128)
at com.noorteck.qa.utilities.CommonUI.getTitle(CommonUI.java:128)
at com.noorteck.qa.utilities.CommonUI.getTitle(CommonUI.java:128)
at com.noorteck.qa.utilities.CommonUI.getTitle(CommonUI.java:128)
at com.noorteck.qa.utilities.CommonUI.getTitle(CommonUI.java:128)
at com.noorteck.qa.utilities.CommonUI.getTitle(CommonUI.java:128)
at com.noorteck.qa.utilities.CommonUI.getTitle(CommonUI.java:128)
at com.noorteck.qa.utilities.CommonUI.getTitle(CommonUI.java:128)
at com.noorteck.qa.utilities.CommonUI.getTitle(CommonUI.java:128)
at com.noorteck.qa.utilities.CommonUI.getTitle(CommonUI.java:128)
at com.noorteck.qa.utilities.CommonUI.getTitle(CommonUI.java:128)
at com.noorteck.qa.utilities.CommonUI.getTitle(CommonUI.java:128)
at com.noorteck.qa.utilities.CommonUI.getTitle(CommonUI.java:128)
at com.noorteck.qa.utilities.CommonUI.getTitle(CommonUI.java:128)
at com.noorteck.qa.utilities.CommonUI.getTitle(CommonUI.java:128)
at com.noorteck.qa.utilities.CommonUI.getTitle(CommonUI.java:128)
at com.noorteck.qa.utilities.CommonUI.getTitle(CommonUI.java:128)
at com.noorteck.qa.utilities.CommonUI.getTitle(CommonUI.java:128)
at com.noorteck.qa.utilities.CommonUI.getTitle(CommonUI.java:128)
at com.noorteck.qa.utilities.CommonUI.getTitle(CommonUI.java:128)
at com.noorteck.qa.utilities.CommonUI.getTitle(CommonUI.java:128)
at com.noorteck.qa.utilities.CommonUI.getTitle(CommonUI.java:128)
at com.noorteck.qa.utilities.CommonUI.getTitle(CommonUI.java:128)
at com.noorteck.qa.utilities.CommonUI.getTitle(CommonUI.java:128)
at com.noorteck.qa.utilities.CommonUI.getTitle(CommonUI.java:128)
at com.noorteck.qa.utilities.CommonUI.getTitle(CommonUI.java:128)
at com.noorteck.qa.utilities.CommonUI.getTitle(CommonUI.java:128)
at com.noorteck.qa.utilities.CommonUI.getTitle(CommonUI.java:128)
at com.noorteck.qa.utilities.CommonUI.getTitle(CommonUI.java:128)
at com.noorteck.qa.utilities.CommonUI.getTitle(CommonUI.java:128)
at com.noorteck.qa.utilities.CommonUI.getTitle(CommonUI.java:128)
at com.noorteck.qa.utilities.CommonUI.getTitle(CommonUI.java:128)
at com.noorteck.qa.utilities.CommonUI.getTitle(CommonUI.java:128)
at com.noorteck.qa.utilities.CommonUI.getTitle(CommonUI.java:128)
at com.noorteck.qa.utilities.CommonUI.getTitle(CommonUI.java:128)
at com.noorteck.qa.utilities.CommonUI.getTitle(CommonUI.java:128)
at com.noorteck.qa.utilities.CommonUI.getTitle(CommonUI.java:128)
at com.noorteck.qa.utilities.CommonUI.getTitle(CommonUI.java:128)
at com.noorteck.qa.utilities.CommonUI.getTitle(CommonUI.java:128)
at com.noorteck.qa.utilities.CommonUI.getTitle(CommonUI.java:128)
at com.noorteck.qa.utilities.CommonUI.getTitle(CommonUI.java:128)
at com.noorteck.qa.utilities.CommonUI.getTitle(CommonUI.java:128)
at com.noorteck.qa.utilities.CommonUI.getTitle(CommonUI.java:128)
at com.noorteck.qa.utilities.CommonUI.getTitle(CommonUI.java:128)
at com.noorteck.qa.utilities.CommonUI.getTitle(CommonUI.java:128)
at com.noorteck.qa.utilities.CommonUI.getTitle(CommonUI.java:128)
at com.noorteck.qa.utilities.CommonUI.getTitle(CommonUI.java:128)
at com.noorteck.qa.utilities.CommonUI.getTitle(CommonUI.java:128)
at com.noorteck.qa.utilities.CommonUI.getTitle(CommonUI.java:128)
at com.noorteck.qa.utilities.CommonUI.getTitle(CommonUI.java:128)
at com.noorteck.qa.utilities.CommonUI.getTitle(CommonUI.java:128)
at com.noorteck.qa.utilities.CommonUI.getTitle(CommonUI.java:128)
at com.noorteck.qa.utilities.CommonUI.getTitle(CommonUI.java:128)
at com.noorteck.qa.utilities.CommonUI.getTitle(CommonUI.java:128)
at com.noorteck.qa.utilities.CommonUI.getTitle(CommonUI.java:128)
at com.noorteck.qa.utilities.CommonUI.getTitle(CommonUI.java:128)
at com.noorteck.qa.utilities.CommonUI.getTitle(CommonUI.java:128)
at com.noorteck.qa.utilities.CommonUI.getTitle(CommonUI.java:128)
at com.noorteck.qa.utilities.CommonUI.getTitle(CommonUI.java:128)
at com.noorteck.qa.utilities.CommonUI.getTitle(CommonUI.java:128)
at com.noorteck.qa.utilities.CommonUI.getTitle(CommonUI.java:128)
at com.noorteck.qa.utilities.CommonUI.getTitle(CommonUI.java:128)
at com.noorteck.qa.utilities.CommonUI.getTitle(CommonUI.java:128)
at com.noorteck.qa.utilities.CommonUI.getTitle(CommonUI.java:128)
at com.noorteck.qa.utilities.CommonUI.getTitle(CommonUI.java:128)
at com.noorteck.qa.utilities.CommonUI.getTitle(CommonUI.java:128)
at com.noorteck.qa.utilities.CommonUI.getTitle(CommonUI.java:128)
at com.noorteck.qa.utilities.CommonUI.getTitle(CommonUI.java:128)
at com.noorteck.qa.utilities.CommonUI.getTitle(CommonUI.java:128)
at com.noorteck.qa.utilities.CommonUI.getTitle(CommonUI.java:128)
at com.noorteck.qa.utilities.CommonUI.getTitle(CommonUI.java:128)
at com.noorteck.qa.utilities.CommonUI.getTitle(CommonUI.java:128)
at com.noorteck.qa.utilities.CommonUI.getTitle(CommonUI.java:128)
at com.noorteck.qa.utilities.CommonUI.getTitle(CommonUI.java:128)
at com.noorteck.qa.utilities.CommonUI.getTitle(CommonUI.java:128)
at com.noorteck.qa.utilities.CommonUI.getTitle(CommonUI.java:128)
at com.noorteck.qa.utilities.CommonUI.getTitle(CommonUI.java:128)
at com.noorteck.qa.utilities.CommonUI.getTitle(CommonUI.java:128)
at com.noorteck.qa.utilities.CommonUI.getTitle(CommonUI.java:128)
at com.noorteck.qa.utilities.CommonUI.getTitle(CommonUI.java:128)
at com.noorteck.qa.utilities.CommonUI.getTitle(CommonUI.java:128)
at com.noorteck.qa.utilities.CommonUI.getTitle(CommonUI.java:128)
at com.noorteck.qa.utilities.CommonUI.getTitle(CommonUI.java:128)
at com.noorteck.qa.utilities.CommonUI.getTitle(CommonUI.java:128)
at com.noorteck.qa.utilities.CommonUI.getTitle(CommonUI.java:128)
at com.noorteck.qa.utilities.CommonUI.getTitle(CommonUI.java:128)
at com.noorteck.qa.utilities.CommonUI.getTitle(CommonUI.java:128)
at com.noorteck.qa.utilities.CommonUI.getTitle(CommonUI.java:128)
at com.noorteck.qa.utilities.CommonUI.getTitle(CommonUI.java:128)
at com.noorteck.qa.utilities.CommonUI.getTitle(CommonUI.java:128)
at com.noorteck.qa.utilities.CommonUI.getTitle(CommonUI.java:128)
at com.noorteck.qa.utilities.CommonUI.getTitle(CommonUI.java:128)
at com.noorteck.qa.utilities.CommonUI.getTitle(CommonUI.java:128)
at com.noorteck.qa.utilities.CommonUI.getTitle(CommonUI.java:128)
at com.noorteck.qa.utilities.CommonUI.getTitle(CommonUI.java:128)
at com.noorteck.qa.utilities.CommonUI.getTitle(CommonUI.java:128)
at com.noorteck.qa.utilities.CommonUI.getTitle(CommonUI.java:128)
at com.noorteck.qa.utilities.CommonUI.getTitle(CommonUI.java:128)
at com.noorteck.qa.utilities.CommonUI.getTitle(CommonUI.java:128)
at com.noorteck.qa.utilities.CommonUI.getTitle(CommonUI.java:128)
at com.noorteck.qa.utilities.CommonUI.getTitle(CommonUI.java:128)
at com.noorteck.qa.utilities.CommonUI.getTitle(CommonUI.java:128)
at com.noorteck.qa.utilities.CommonUI.getTitle(CommonUI.java:128)
at com.noorteck.qa.utilities.CommonUI.getTitle(CommonUI.java:128)
at com.noorteck.qa.utilities.CommonUI.getTitle(CommonUI.java:128)
at com.noorteck.qa.utilities.CommonUI.getTitle(CommonUI.java:128)
at com.noorteck.qa.utilities.CommonUI.getTitle(CommonUI.java:128)
at com.noorteck.qa.utilities.CommonUI.getTitle(CommonUI.java:128)
at com.noorteck.qa.utilities.CommonUI.getTitle(CommonUI.java:128)
at com.noorteck.qa.utilities.CommonUI.getTitle(CommonUI.java:128)
at com.noorteck.qa.utilities.CommonUI.getTitle(CommonUI.java:128)
at com.noorteck.qa.utilities.CommonUI.getTitle(CommonUI.java:128)
at com.noorteck.qa.utilities.CommonUI.getTitle(CommonUI.java:128)
at com.noorteck.qa.utilities.CommonUI.getTitle(CommonUI.java:128)
at com.noorteck.qa.utilities.CommonUI.getTitle(CommonUI.java:128)
at com.noorteck.qa.utilities.CommonUI.getTitle(CommonUI.java:128)
at com.noorteck.qa.utilities.CommonUI.getTitle(CommonUI.java:128)
at com.noorteck.qa.utilities.CommonUI.getTitle(CommonUI.java:128)
at com.noorteck.qa.utilities.CommonUI.getTitle(CommonUI.java:128)
at com.noorteck.qa.utilities.CommonUI.getTitle(CommonUI.java:128)
at com.noorteck.qa.utilities.CommonUI.getTitle(CommonUI.java:128)
at com.noorteck.qa.utilities.CommonUI.getTitle(CommonUI.java:128)
at com.noorteck.qa.utilities.CommonUI.getTitle(CommonUI.java:128)
at com.noorteck.qa.utilities.CommonUI.getTitle(CommonUI.java:128)
at com.noorteck.qa.utilities.CommonUI.getTitle(CommonUI.java:128)
at com.noorteck.qa.utilities.CommonUI.getTitle(CommonUI.java:128)
at com.noorteck.qa.utilities.CommonUI.getTitle(CommonUI.java:128)
at com.noorteck.qa.utilities.CommonUI.getTitle(CommonUI.java:128)
at com.noorteck.qa.utilities.CommonUI.getTitle(CommonUI.java:128)
at com.noorteck.qa.utilities.CommonUI.getTitle(CommonUI.java:128)
at com.noorteck.qa.utilities.CommonUI.getTitle(CommonUI.java:128)
at com.noorteck.qa.utilities.CommonUI.getTitle(CommonUI.java:128)
at com.noorteck.qa.utilities.CommonUI.getTitle(CommonUI.java:128)
at com.noorteck.qa.utilities.CommonUI.getTitle(CommonUI.java:128)
at com.noorteck.qa.utilities.CommonUI.getTitle(CommonUI.java:128)
at com.noorteck.qa.utilities.CommonUI.getTitle(CommonUI.java:128)
at com.noorteck.qa.utilities.CommonUI.getTitle(CommonUI.java:128)
at com.noorteck.qa.utilities.CommonUI.getTitle(CommonUI.java:128)
at com.noorteck.qa.utilities.CommonUI.getTitle(CommonUI.java:128)
at com.noorteck.qa.utilities.CommonUI.getTitle(CommonUI.java:128)
at com.noorteck.qa.utilities.CommonUI.getTitle(CommonUI.java:128)
at com.noorteck.qa.utilities.CommonUI.getTitle(CommonUI.java:128)
at com.noorteck.qa.utilities.CommonUI.getTitle(CommonUI.java:128)
at com.noorteck.qa.utilities.CommonUI.getTitle(CommonUI.java:128)
at com.noorteck.qa.utilities.CommonUI.getTitle(CommonUI.java:128)
at com.noorteck.qa.utilities.CommonUI.getTitle(CommonUI.java:128)
at com.noorteck.qa.utilities.CommonUI.getTitle(CommonUI.java:128)
at com.noorteck.qa.utilities.CommonUI.getTitle(CommonUI.java:128)
at com.noorteck.qa.utilities.CommonUI.getTitle(CommonUI.java:128)
at com.noorteck.qa.utilities.CommonUI.getTitle(CommonUI.java:128)
at com.noorteck.qa.utilities.CommonUI.getTitle(CommonUI.java:128)
at com.noorteck.qa.utilities.CommonUI.getTitle(CommonUI.java:128)
at com.noorteck.qa.utilities.CommonUI.getTitle(CommonUI.java:128)
at com.noorteck.qa.utilities.CommonUI.getTitle(CommonUI.java:128)
at com.noorteck.qa.utilities.CommonUI.getTitle(CommonUI.java:128)
at com.noorteck.qa.utilities.CommonUI.getTitle(CommonUI.java:128)
at com.noorteck.qa.utilities.CommonUI.getTitle(CommonUI.java:128)
at com.noorteck.qa.utilities.CommonUI.getTitle(CommonUI.java:128)
at com.noorteck.qa.utilities.CommonUI.getTitle(CommonUI.java:128)
at com.noorteck.qa.utilities.CommonUI.getTitle(CommonUI.java:128)
at com.noorteck.qa.utilities.CommonUI.getTitle(CommonUI.java:128)
at com.noorteck.qa.utilities.CommonUI.getTitle(CommonUI.java:128)
at com.noorteck.qa.utilities.CommonUI.getTitle(CommonUI.java:128)
at com.noorteck.qa.utilities.CommonUI.getTitle(CommonUI.java:128)
at com.noorteck.qa.utilities.CommonUI.getTitle(CommonUI.java:128)
at com.noorteck.qa.utilities.CommonUI.getTitle(CommonUI.java:128)
at com.noorteck.qa.utilities.CommonUI.getTitle(CommonUI.java:128)
at com.noorteck.qa.utilities.CommonUI.getTitle(CommonUI.java:128)
at com.noorteck.qa.utilities.CommonUI.getTitle(CommonUI.java:128)
at com.noorteck.qa.utilities.CommonUI.getTitle(CommonUI.java:128)
at com.noorteck.qa.utilities.CommonUI.getTitle(CommonUI.java:128)
at com.noorteck.qa.utilities.CommonUI.getTitle(CommonUI.java:128)
at com.noorteck.qa.utilities.CommonUI.getTitle(CommonUI.java:128)
at com.noorteck.qa.utilities.CommonUI.getTitle(CommonUI.java:128)
at com.noorteck.qa.utilities.CommonUI.getTitle(CommonUI.java:128)
at com.noorteck.qa.utilities.CommonUI.getTitle(CommonUI.java:128)
at com.noorteck.qa.utilities.CommonUI.getTitle(CommonUI.java:128)
at com.noorteck.qa.utilities.CommonUI.getTitle(CommonUI.java:128)
at com.noorteck.qa.utilities.CommonUI.getTitle(CommonUI.java:128)
at com.noorteck.qa.utilities.CommonUI.getTitle(CommonUI.java:128)
at com.noorteck.qa.utilities.CommonUI.getTitle(CommonUI.java:128)
at com.noorteck.qa.utilities.CommonUI.getTitle(CommonUI.java:128)
at com.noorteck.qa.utilities.CommonUI.getTitle(CommonUI.java:128)
at com.noorteck.qa.utilities.CommonUI.getTitle(CommonUI.java:128)
at com.noorteck.qa.utilities.CommonUI.getTitle(CommonUI.java:128)
at com.noorteck.qa.utilities.CommonUI.getTitle(CommonUI.java:128)
at com.noorteck.qa.utilities.CommonUI.getTitle(CommonUI.java:128)
at com.noorteck.qa.utilities.CommonUI.getTitle(CommonUI.java:128)
at com.noorteck.qa.utilities.CommonUI.getTitle(CommonUI.java:128)
at com.noorteck.qa.utilities.CommonUI.getTitle(CommonUI.java:128)
at com.noorteck.qa.utilities.CommonUI.getTitle(CommonUI.java:128)
at com.noorteck.qa.utilities.CommonUI.getTitle(CommonUI.java:128)
at com.noorteck.qa.utilities.CommonUI.getTitle(CommonUI.java:128)
at com.noorteck.qa.utilities.CommonUI.getTitle(CommonUI.java:128)
at com.noorteck.qa.utilities.CommonUI.getTitle(CommonUI.java:128)
at com.noorteck.qa.utilities.CommonUI.getTitle(CommonUI.java:128)
at com.noorteck.qa.utilities.CommonUI.getTitle(CommonUI.java:128)
at com.noorteck.qa.utilities.CommonUI.getTitle(CommonUI.java:128)
at com.noorteck.qa.utilities.CommonUI.getTitle(CommonUI.java:128)
at com.noorteck.qa.utilities.CommonUI.getTitle(CommonUI.java:128)
at com.noorteck.qa.utilities.CommonUI.getTitle(CommonUI.java:128)
at com.noorteck.qa.utilities.CommonUI.getTitle(CommonUI.java:128)
at com.noorteck.qa.utilities.CommonUI.getTitle(CommonUI.java:128)
at com.noorteck.qa.utilities.CommonUI.getTitle(CommonUI.java:128)
at com.noorteck.qa.utilities.CommonUI.getTitle(CommonUI.java:128)
at com.noorteck.qa.utilities.CommonUI.getTitle(CommonUI.java:128)
at com.noorteck.qa.utilities.CommonUI.getTitle(CommonUI.java:128)
at com.noorteck.qa.utilities.CommonUI.getTitle(CommonUI.java:128)
at com.noorteck.qa.utilities.CommonUI.getTitle(CommonUI.java:128)
at com.noorteck.qa.utilities.CommonUI.getTitle(CommonUI.java:128)
at com.noorteck.qa.utilities.CommonUI.getTitle(CommonUI.java:128)
at com.noorteck.qa.utilities.CommonUI.getTitle(CommonUI.java:128)
at com.noorteck.qa.utilities.CommonUI.getTitle(CommonUI.java:128)
at com.noorteck.qa.utilities.CommonUI.getTitle(CommonUI.java:128)
at com.noorteck.qa.utilities.CommonUI.getTitle(CommonUI.java:128)
at com.noorteck.qa.utilities.CommonUI.getTitle(CommonUI.java:128)
at com.noorteck.qa.utilities.CommonUI.getTitle(CommonUI.java:128)
at com.noorteck.qa.utilities.CommonUI.getTitle(CommonUI.java:128)
]]>
    </error>
  </testcase> <!-- titlte -->
  <testcase classname="com.noorteck.qa.tests.HomeTest" name="userName" time="9.239"/>
</testsuite> <!-- com.noorteck.qa.tests.HomeTest -->
