<?xml version="1.0" encoding="UTF-8"?>
<!-- Generated by org.testng.reporters.JUnitReportReporter -->
<testsuite hostname="Iulias-MacBook-Pro.local" failures="0" tests="1" name="com.noorteck.qa.tests.SearchTest" time="15.574" errors="0" timestamp="21 Dec 2019 17:27:05 GMT" skipped="0">
  <testcase classname="com.noorteck.qa.tests.SearchTest" name="f" time="15.574"/>
</testsuite> <!-- com.noorteck.qa.tests.SearchTest -->
